[03:45:14] [main/INFO] (FabricLoader/GameProvider) Loading Minecraft 24w14potato with Fabric Loader 0.15.9
[03:45:15] [main/INFO] (FabricLoader) Loading 55 mods:
	- fabric-api 0.96.14+24w14potato
	- fabric-api-base 0.4.39+80f8cf51bb
	- fabric-api-lookup-api-v1 1.6.57+e9d2a72bbb
	- fabric-biome-api-v1 13.0.21+cda3b7ddbb
	- fabric-block-api-v1 1.0.19+6dfe4c9bbb
	- fabric-block-view-api-v2 1.0.7+80f8cf51bb
	- fabric-blockrenderlayer-v1 1.1.49+80f8cf51bb
	- fabric-client-tags-api-v1 1.1.10+80f8cf51bb
	- fabric-command-api-v1 1.2.44+f71b366fbb
	- fabric-command-api-v2 2.2.23+80f8cf51bb
	- fabric-commands-v0 0.2.61+df3654b3bb
	- fabric-content-registries-v0 6.0.15+9b3069f6bb
	- fabric-convention-tags-v1 1.5.15+cda3b7ddbb
	- fabric-crash-report-info-v1 0.2.26+80f8cf51bb
	- fabric-data-attachment-api-v1 1.1.10+cda3b7ddbb
	- fabric-data-generation-api-v1 18.0.1+cda3b7ddbb
	- fabric-dimensions-v1 2.1.65+cda3b7ddbb
	- fabric-entity-events-v1 1.6.7+cda3b7ddbb
	- fabric-events-interaction-v0 0.7.5+109a837cbb
	- fabric-events-lifecycle-v0 0.2.85+df3654b3bb
	- fabric-game-rule-api-v1 1.0.49+80f8cf51bb
	- fabric-gametest-api-v1 1.3.12+1172e897bb
	- fabric-item-api-v1 6.0.1+9b3069f6bb
	- fabric-item-group-api-v1 4.0.34+42c290b4bb
	- fabric-key-binding-api-v1 1.0.44+80f8cf51bb
	- fabric-keybindings-v0 0.2.42+df3654b3bb
	- fabric-lifecycle-events-v1 2.3.2+9b3069f6bb
	- fabric-loot-api-v2 2.1.14+9b3069f6bb
	- fabric-message-api-v1 6.0.9+109a837cbb
	- fabric-model-loading-api-v1 1.0.11+80f8cf51bb
	- fabric-models-v0 0.4.10+9386d8a7bb
	- fabric-networking-api-v1 4.0.6+9342ba64bb
	- fabric-object-builder-api-v1 15.0.1+9b3069f6bb
	- fabric-particles-v1 2.0.1+7b70ea8abb
	- fabric-recipe-api-v1 4.1.2+f628d018bb
	- fabric-registry-sync-v0 5.0.11+9b3069f6bb
	- fabric-renderer-api-v1 3.2.10+1172e897bb
	- fabric-renderer-indigo 1.5.10+80f8cf51bb
	- fabric-renderer-registries-v1 3.2.59+df3654b3bb
	- fabric-rendering-data-attachment-v1 0.3.45+73761d2ebb
	- fabric-rendering-fluids-v1 4.0.0+cda3b7ddbb
	- fabric-rendering-v0 1.1.62+df3654b3bb
	- fabric-rendering-v1 4.2.2+42c290b4bb
	- fabric-resource-conditions-api-v1 3.0.1+e9d2a72bbb
	- fabric-resource-loader-v0 1.0.1+e9d2a72bbb
	- fabric-screen-api-v1 2.0.20+7b70ea8abb
	- fabric-screen-handler-api-v1 1.3.68+e78eae2dbb
	- fabric-sound-api-v1 1.0.20+80f8cf51bb
	- fabric-transfer-api-v1 5.1.3+dca74304bb
	- fabric-transitive-access-wideners-v1 6.0.7+1172e897bb
	- fabricloader 0.15.9
	- java 17
	- justenoughguns 1.0.0
	- minecraft 1.20.5-alpha.24.12.potato
	- mixinextras 0.3.5
[03:45:15] [main/INFO] (FabricLoader/Mixin) SpongePowered MIXIN Subsystem Version=0.8.5 Source=file:/C:/Users/me/.gradle/caches/modules-2/files-2.1/net.fabricmc/sponge-mixin/0.12.5+mixin.0.8.5/8d31fb97c3e0cd7c8dad3441851c523bcfae6d8e/sponge-mixin-0.12.5+mixin.0.8.5.jar Service=Knot/Fabric Env=CLIENT
[03:45:15] [main/INFO] (FabricLoader/Mixin) Attempting to load Hot-Swap agent
[03:45:16] [main/INFO] (FabricLoader/Mixin) Loaded Fabric development mappings for mixin remapper!
[03:45:16] [main/INFO] (FabricLoader/Mixin) Compatibility level set to JAVA_17
[03:45:19] [main/INFO] (FabricLoader/MixinExtras|Service) Initializing MixinExtras via com.llamalad7.mixinextras.service.MixinExtrasServiceImpl(version=0.3.5).
[03:45:29] [Datafixer Bootstrap/INFO] (Minecraft) 218 Datafixer optimizations took 587 milliseconds
[03:45:34] [Render thread/INFO] (Minecraft) Environment: Environment[sessionHost=https://sessionserver.mojang.com, servicesHost=https://api.minecraftservices.com, name=PROD]
[03:45:34] [Render thread/INFO] (Minecraft) Setting user: Player681
[03:45:35] [Download-2/ERROR] (Minecraft) Failed to fetch user properties
com.mojang.authlib.exceptions.InvalidCredentialsException: Status: 401
	at com.mojang.authlib.exceptions.MinecraftClientHttpException.toAuthenticationException(MinecraftClientHttpException.java:59) ~[authlib-6.0.52.jar:?]
	at com.mojang.authlib.yggdrasil.YggdrasilUserApiService.fetchProperties(YggdrasilUserApiService.java:150) ~[authlib-6.0.52.jar:?]
	at net.minecraft.client.MinecraftClient.method_55608(MinecraftClient.java:474) ~[minecraft-merged-6951ea3631-24w14potato-net.fabricmc.yarn.24w14potato.24w14potato+build.3-v2.jar:?]
	at java.base/java.util.concurrent.CompletableFuture$AsyncSupply.run$$$capture(CompletableFuture.java:1768) [?:?]
	at java.base/java.util.concurrent.CompletableFuture$AsyncSupply.run(CompletableFuture.java) [?:?]
	at java.base/java.util.concurrent.ThreadPoolExecutor.runWorker(ThreadPoolExecutor.java:1136) [?:?]
	at java.base/java.util.concurrent.ThreadPoolExecutor$Worker.run(ThreadPoolExecutor.java:635) [?:?]
	at java.base/java.lang.Thread.run(Thread.java:833) [?:?]
Caused by: com.mojang.authlib.exceptions.MinecraftClientHttpException: Status: 401
	at com.mojang.authlib.minecraft.client.MinecraftClient.readInputStream(MinecraftClient.java:100) ~[authlib-6.0.52.jar:?]
	at com.mojang.authlib.minecraft.client.MinecraftClient.get(MinecraftClient.java:57) ~[authlib-6.0.52.jar:?]
	at com.mojang.authlib.yggdrasil.YggdrasilUserApiService.fetchProperties(YggdrasilUserApiService.java:121) ~[authlib-6.0.52.jar:?]
	... 6 more
[03:45:35] [Render thread/INFO] (Indigo) [Indigo] Registering Indigo renderer!
[03:45:36] [Render thread/INFO] (Minecraft) Backend library: LWJGL version 3.3.2-snapshot
[03:45:38] [Render thread/INFO] (Minecraft) Reloading ResourceManager: vanilla, fabric, fabric-api, fabric-api-base, fabric-api-lookup-api-v1, fabric-biome-api-v1, fabric-block-api-v1, fabric-block-view-api-v2, fabric-blockrenderlayer-v1, fabric-client-tags-api-v1, fabric-command-api-v1, fabric-command-api-v2, fabric-commands-v0, fabric-content-registries-v0, fabric-convention-tags-v1, fabric-crash-report-info-v1, fabric-data-attachment-api-v1, fabric-data-generation-api-v1, fabric-dimensions-v1, fabric-entity-events-v1, fabric-events-interaction-v0, fabric-events-lifecycle-v0, fabric-game-rule-api-v1, fabric-gametest-api-v1, fabric-item-api-v1, fabric-item-group-api-v1, fabric-key-binding-api-v1, fabric-keybindings-v0, fabric-lifecycle-events-v1, fabric-loot-api-v2, fabric-message-api-v1, fabric-model-loading-api-v1, fabric-models-v0, fabric-networking-api-v1, fabric-object-builder-api-v1, fabric-particles-v1, fabric-recipe-api-v1, fabric-registry-sync-v0, fabric-renderer-api-v1, fabric-renderer-indigo, fabric-renderer-registries-v1, fabric-rendering-data-attachment-v1, fabric-rendering-fluids-v1, fabric-rendering-v0, fabric-rendering-v1, fabric-resource-conditions-api-v1, fabric-resource-loader-v0, fabric-screen-api-v1, fabric-screen-handler-api-v1, fabric-sound-api-v1, fabric-transfer-api-v1, fabric-transitive-access-wideners-v1, fabricloader, justenoughguns
[03:45:38] [Worker-Main-1/INFO] (Minecraft) Found unifont_all_no_pua-15.1.04.hex, loading
[03:45:39] [Worker-Main-2/INFO] (Minecraft) Found unifont_jp_patch-15.1.04.hex, loading
[03:45:41] [Render thread/WARN] (Minecraft) Missing sound for event: nothingtoseeheremovealong:intentionally_empty
[03:45:41] [Render thread/WARN] (Minecraft) Missing sound for event: minecraft:item.goat_horn.play
[03:45:41] [Render thread/WARN] (Minecraft) Missing sound for event: minecraft:entity.goat.screaming.horn_break
[03:45:41] [Render thread/INFO] (Minecraft) OpenAL initialized on device OpenAL Soft on Speakers (High Definition Audio Device)
[03:45:41] [Render thread/INFO] (Minecraft) Sound engine started
[03:45:41] [Render thread/INFO] (Minecraft) Created: 1024x512x4 minecraft:textures/atlas/blocks.png-atlas
[03:45:41] [Render thread/INFO] (Minecraft) Created: 256x256x4 minecraft:textures/atlas/signs.png-atlas
[03:45:41] [Render thread/INFO] (Minecraft) Created: 512x512x4 minecraft:textures/atlas/shield_patterns.png-atlas
[03:45:41] [Render thread/INFO] (Minecraft) Created: 512x512x4 minecraft:textures/atlas/banner_patterns.png-atlas
[03:45:41] [Render thread/INFO] (Minecraft) Created: 2048x1024x4 minecraft:textures/atlas/armor_trims.png-atlas
[03:45:41] [Render thread/INFO] (Minecraft) Created: 128x64x4 minecraft:textures/atlas/decorated_pot.png-atlas
[03:45:41] [Render thread/INFO] (Minecraft) Created: 256x256x4 minecraft:textures/atlas/chest.png-atlas
[03:45:41] [Render thread/INFO] (Minecraft) Created: 512x256x4 minecraft:textures/atlas/shulker_boxes.png-atlas
[03:45:41] [Render thread/INFO] (Minecraft) Created: 512x256x4 minecraft:textures/atlas/beds.png-atlas
[03:45:41] [Render thread/INFO] (Minecraft) Created: 512x256x0 minecraft:textures/atlas/particles.png-atlas
[03:45:41] [Render thread/INFO] (Minecraft) Created: 512x256x0 minecraft:textures/atlas/paintings.png-atlas
[03:45:41] [Render thread/INFO] (Minecraft) Created: 128x128x0 minecraft:textures/atlas/mob_effects.png-atlas
[03:45:41] [Render thread/INFO] (Minecraft) Created: 64x64x0 minecraft:textures/atlas/map_decorations.png-atlas
[03:45:41] [Render thread/INFO] (Minecraft) Created: 1024x512x0 minecraft:textures/atlas/gui.png-atlas
[03:45:41] [Render thread/WARN] (Minecraft) Shader rendertype_entity_translucent_emissive could not find sampler named Sampler2 in the specified shader program.
[03:45:42] [IO-Worker-1/INFO] (Minecraft) Could not authorize you against Realms server: Invalid session id
[03:45:42] [IO-Worker-1/ERROR] (Minecraft) Couldn't connect to realms
net.minecraft.client.realms.exception.RealmsServiceException: Realms authentication error with message 'Invalid session id'
	at net.minecraft.client.realms.RealmsClient.execute(RealmsClient.java:447) ~[minecraft-merged-6951ea3631-24w14potato-net.fabricmc.yarn.24w14potato.24w14potato+build.3-v2.jar:?]
	at net.minecraft.client.realms.RealmsClient.clientCompatible(RealmsClient.java:232) ~[minecraft-merged-6951ea3631-24w14potato-net.fabricmc.yarn.24w14potato.24w14potato+build.3-v2.jar:?]
	at net.minecraft.client.realms.RealmsAvailability.method_52627(RealmsAvailability.java:45) ~[minecraft-merged-6951ea3631-24w14potato-net.fabricmc.yarn.24w14potato.24w14potato+build.3-v2.jar:?]
	at java.base/java.util.concurrent.CompletableFuture$AsyncSupply.run$$$capture(CompletableFuture.java:1768) [?:?]
	at java.base/java.util.concurrent.CompletableFuture$AsyncSupply.run(CompletableFuture.java) [?:?]
	at java.base/java.util.concurrent.ThreadPoolExecutor.runWorker(ThreadPoolExecutor.java:1136) [?:?]
	at java.base/java.util.concurrent.ThreadPoolExecutor$Worker.run(ThreadPoolExecutor.java:635) [?:?]
	at java.base/java.lang.Thread.run(Thread.java:833) [?:?]
[03:45:48] [Render thread/INFO] (Minecraft) Loaded 9 recipes
[03:45:48] [Render thread/INFO] (Minecraft) Loaded 1418 advancements
[03:45:49] [Render thread/INFO] (BiomeModificationImpl) Applied 0 biome modifications to 0 of 69 new biomes in 3.144 ms
[03:45:49] [Server thread/INFO] (Minecraft) Starting integrated minecraft server version 24w14potato
[03:45:49] [Server thread/INFO] (Minecraft) Generating keypair
[03:45:51] [Server thread/INFO] (Minecraft) Preparing start region for dimension minecraft:overworld
[03:45:52] [Render thread/INFO] (Minecraft) Preparing spawn area: 0%
[03:45:52] [Render thread/INFO] (Minecraft) Preparing spawn area: 0%
[03:45:52] [Render thread/INFO] (Minecraft) Preparing spawn area: 0%
[03:45:52] [Render thread/INFO] (Minecraft) Preparing spawn area: 28%
[03:45:53] [Render thread/INFO] (Minecraft) Time elapsed: 1810 ms
[03:45:53] [Server thread/INFO] (Minecraft) Changing view distance to 12, from 10
[03:45:53] [Server thread/INFO] (Minecraft) Changing simulation distance to 12, from 0
[03:45:54] [Server thread/INFO] (Minecraft) Player681[local:E:9e60d699] logged in with entity id 143 at (-219.77984351834013, 64.0, 128.5163601083555)
[03:45:54] [Server thread/INFO] (Minecraft) Player681 joined the game
[03:45:57] [Render thread/WARN] (Minecraft) Unknown recipe category: minecraft:poisonous_potato_cutting/minecraft:poisonous_potato_slices_from_poisonous_potato_poisonous_potato_cutting
[03:45:57] [Render thread/WARN] (Minecraft) Unknown recipe category: minecraft:poisonous_potato_cutting/minecraft:poisonous_potato_sticks_from_poisonous_potato_poisonous_potato_cutting
[03:45:57] [Render thread/INFO] (Minecraft) Loaded 2 advancements
[03:45:57] [Render thread/INFO] (Minecraft) Loaded 17 advancements
[03:46:31] [Server thread/INFO] (Minecraft) Villager VillagerEntity['Villager'/608, l='ServerLevel[New World]', x=-213.70, y=64.00, z=120.94] died, message: 'Villager was shot by Villager'
[03:46:31] [Render thread/INFO] (Minecraft) Villager VillagerEntity['Villager'/608, l='ClientLevel', x=-213.70, y=64.00, z=120.94] died, message: 'Villager died'
[03:46:32] [Server thread/INFO] (Minecraft) Villager VillagerEntity['Villager'/645, l='ServerLevel[New World]', x=-209.32, y=64.00, z=120.30] died, message: 'Villager was shot by Villager'
[03:46:32] [Render thread/INFO] (Minecraft) Villager VillagerEntity['Villager'/645, l='ClientLevel', x=-209.32, y=64.00, z=120.30] died, message: 'Villager died'
[03:46:32] [Render thread/INFO] (Minecraft) Loaded 45 advancements
[03:46:44] [Server thread/INFO] (Minecraft) Saving and pausing game...
[03:46:44] [Server thread/INFO] (Minecraft) Saving chunks for level 'ServerLevel[New World]'/minecraft:overworld
[03:46:44] [Server thread/INFO] (Minecraft) Saving chunks for level 'ServerLevel[New World]'/minecraft:potato
[03:46:44] [Server thread/INFO] (Minecraft) Saving chunks for level 'ServerLevel[New World]'/minecraft:the_end
[03:46:44] [Server thread/INFO] (Minecraft) Saving chunks for level 'ServerLevel[New World]'/minecraft:the_nether
[03:47:11] [Render thread/INFO] (Minecraft) [System] [CHAT] Saved screenshot as 2024-04-02_03.47.11.png
[03:55:20] [Server thread/INFO] (Minecraft) Villager VillagerEntity['Villager'/79, l='ServerLevel[New World]', x=-315.54, y=74.00, z=138.95] died, message: 'Villager was slain by Zombie'
[03:55:20] [Render thread/INFO] (Minecraft) Villager VillagerEntity['Villager'/79, l='ClientLevel', x=-315.54, y=74.00, z=138.95] died, message: 'Villager died'
[03:59:38] [Server thread/INFO] (Minecraft) Villager VillagerEntity['Villager'/1009, l='ServerLevel[New World]', x=-207.64, y=64.00, z=116.31] died, message: 'Villager was slain by Zombie'
[03:59:38] [Render thread/INFO] (Minecraft) Villager VillagerEntity['Villager'/1009, l='ClientLevel', x=-207.64, y=64.00, z=116.31] died, message: 'Villager died'
[03:59:40] [Server thread/INFO] (Minecraft) [Player681: Set the time to 1000]
[03:59:40] [Render thread/INFO] (Minecraft) [System] [CHAT] Set the time to 1000
[04:00:01] [Server thread/INFO] (Minecraft) Villager VillagerEntity['Villager'/4257, l='ServerLevel[New World]', x=-216.70, y=64.00, z=118.82] died, message: 'Villager was slain by Zombie'
[04:00:01] [Render thread/INFO] (Minecraft) Villager VillagerEntity['Villager'/4257, l='ClientLevel', x=-216.70, y=64.71, z=118.50] died, message: 'Villager died'
[04:00:04] [Server thread/INFO] (Minecraft) Saving and pausing game...
[04:00:04] [Server thread/INFO] (Minecraft) Saving chunks for level 'ServerLevel[New World]'/minecraft:overworld
[04:00:04] [Server thread/INFO] (Minecraft) Saving chunks for level 'ServerLevel[New World]'/minecraft:potato
[04:00:04] [Server thread/INFO] (Minecraft) Saving chunks for level 'ServerLevel[New World]'/minecraft:the_end
[04:00:04] [Server thread/INFO] (Minecraft) Saving chunks for level 'ServerLevel[New World]'/minecraft:the_nether
